<?xml version="1.0" encoding="UTF-8"?>
<testng-results ignored="0" total="2" passed="2" failed="0" skipped="0">
  <reporter-output>
  </reporter-output>
  <suite started-at="2020-07-25T13:51:53 IST" name="Default suite" finished-at="2020-07-25T13:52:19 IST" duration-ms="25437">
    <groups>
    </groups>
    <test started-at="2020-07-25T13:51:53 IST" name="Default test" finished-at="2020-07-25T13:52:19 IST" duration-ms="25437">
      <class name="com.qa.mobile.tests.MobileHomePageTest">
        <test-method is-config="true" signature="SetUp()[pri:0, instance:com.qa.mobile.tests.MobileHomePageTest@6f96c77]" started-at="2020-07-25T13:51:53 IST" name="SetUp" finished-at="2020-07-25T13:52:17 IST" duration-ms="23619" status="PASS">
          <reporter-output>
          </reporter-output>
        </test-method> <!-- SetUp -->
        <test-method signature="VerifyHomePage()[pri:1, instance:com.qa.mobile.tests.MobileHomePageTest@6f96c77]" started-at="2020-07-25T13:52:17 IST" name="VerifyHomePage" finished-at="2020-07-25T13:52:17 IST" duration-ms="6" status="PASS">
          <reporter-output>
          </reporter-output>
        </test-method> <!-- VerifyHomePage -->
        <test-method signature="clickingOnAccessiblity()[pri:2, instance:com.qa.mobile.tests.MobileHomePageTest@6f96c77]" started-at="2020-07-25T13:52:17 IST" name="clickingOnAccessiblity" finished-at="2020-07-25T13:52:19 IST" duration-ms="1752" status="PASS">
          <reporter-output>
          </reporter-output>
        </test-method> <!-- clickingOnAccessiblity -->
        <test-method is-config="true" signature="TearDown()[pri:0, instance:com.qa.mobile.tests.MobileHomePageTest@6f96c77]" started-at="2020-07-25T13:52:19 IST" name="TearDown" finished-at="2020-07-25T13:52:19 IST" duration-ms="1" status="PASS">
          <reporter-output>
          </reporter-output>
        </test-method> <!-- TearDown -->
      </class> <!-- com.qa.mobile.tests.MobileHomePageTest -->
    </test> <!-- Default test -->
  </suite> <!-- Default suite -->
</testng-results>
